<?xml version="1.0" encoding="UTF-8"?>
<testsuite name="com.hileco.cortex.optimizerlow.InstructionsOptimizerTest" tests="3" skipped="0" failures="0" errors="0" timestamp="2018-08-04T13:38:26" hostname="PHILIPP-PC" time="0.014">
  <properties/>
  <testcase name="testLoadKnownProgramDataStrategy" classname="com.hileco.cortex.optimizerlow.InstructionsOptimizerTest" time="0.003"/>
  <testcase name="testPrecalculateSelfContainedStrategy" classname="com.hileco.cortex.optimizerlow.InstructionsOptimizerTest" time="0.01"/>
  <testcase name="testPushJumpIfStrategy" classname="com.hileco.cortex.optimizerlow.InstructionsOptimizerTest" time="0.0"/>
  <system-out><![CDATA[]]></system-out>
  <system-err><![CDATA[]]></system-err>
</testsuite>
