<?xml version="1.0" encoding="UTF-8"?>
<testsuite name="com.hileco.cortex.instructions.ProgramBuilderTest" tests="3" skipped="0" failures="0" errors="0" timestamp="2018-08-04T13:38:26" hostname="PHILIPP-PC" time="0.006">
  <properties/>
  <testcase name="testJump" classname="com.hileco.cortex.instructions.ProgramBuilderTest" time="0.001"/>
  <testcase name="testLoop" classname="com.hileco.cortex.instructions.ProgramBuilderTest" time="0.004"/>
  <testcase name="testNoJump" classname="com.hileco.cortex.instructions.ProgramBuilderTest" time="0.0"/>
  <system-out><![CDATA[]]></system-out>
  <system-err><![CDATA[]]></system-err>
</testsuite>
