<?xml version="1.0" encoding="UTF-8"?>
<testsuite name="com.hileco.cortex.fuzzer.ProgramGeneratorFuzzTest" tests="1" skipped="0" failures="0" errors="0" timestamp="2018-08-04T13:38:24" hostname="PHILIPP-PC" time="1.194">
  <properties/>
  <testcase name="testGenerator" classname="com.hileco.cortex.fuzzer.ProgramGeneratorFuzzTest" time="1.194"/>
  <system-out><![CDATA[]]></system-out>
  <system-err><![CDATA[]]></system-err>
</testsuite>
